<?xml version="1.0" encoding="UTF-8"?>
<!-- Generated by org.testng.reporters.JUnitReportReporter -->
<testsuite skipped="0" hostname="SHUBHENDU" name="com.Vtiger.TestScript.CreateLeadTest" tests="1" failures="0" timestamp="06 Jul 2020 10:21:16 GMT" time="75.323" errors="0">
  <testcase name="LeadCreation" time="75.323" classname="com.Vtiger.TestScript.CreateLeadTest"/>
</testsuite> <!-- com.Vtiger.TestScript.CreateLeadTest -->
