<?xml version="1.0" encoding="UTF-8"?>
<!-- Generated by org.testng.reporters.JUnitReportReporter -->
<testsuite skipped="0" hostname="SHUBHENDU" name="com.Vtiger.TestScript.CreateOrganisationTest" tests="1" failures="0" timestamp="06 Jul 2020 10:21:16 GMT" time="138.261" errors="0">
  <testcase name="OrganisationCreation" time="138.261" classname="com.Vtiger.TestScript.CreateOrganisationTest"/>
</testsuite> <!-- com.Vtiger.TestScript.CreateOrganisationTest -->
