<?xml version="1.0" encoding="UTF-8"?>
<!-- Generated by org.testng.reporters.JUnitReportReporter -->
<testsuite skipped="0" hostname="SHUBHENDU" name="com.Vtiger.TestScript.CreateProductTest" tests="1" failures="0" timestamp="06 Jul 2020 10:21:16 GMT" time="56.738" errors="0">
  <testcase name="ProductCreation" time="56.738" classname="com.Vtiger.TestScript.CreateProductTest"/>
</testsuite> <!-- com.Vtiger.TestScript.CreateProductTest -->
